<?xml version="1.0" encoding="UTF-8"?>
<!-- Generated by org.testng.reporters.JUnitReportReporter -->
<testsuite hostname="DESKTOP-QNI6T8J" failures="0" tests="1" name="test.PlaceOrderTest" time="9.452" errors="0" timestamp="2023-09-10T21:00:19 IST" skipped="0">
  <testcase classname="test.PlaceOrderTest" name="verifyIfCustomerIsAbleToLoginAndAddproductToCart" time="9.452"/>
</testsuite> <!-- test.PlaceOrderTest -->
