<?xml version="1.0" encoding="UTF-8"?>
<!-- Generated by org.testng.reporters.JUnitReportReporter -->
<testsuite hostname="DESKTOP-QNI6T8J" failures="0" tests="1" name="test.PlaceOrderTest" time="9.295" errors="0" timestamp="2023-09-09T21:02:44 IST" skipped="0">
  <testcase classname="test.PlaceOrderTest" name="verifyIfCustomerIsAbleToLoginAndAddproductToCart" time="9.295"/>
</testsuite> <!-- test.PlaceOrderTest -->
